0 info it worked if it ends with ok
1 verbose cli [ 'C:\\Program Files\\nodejs\\node.exe',
1 verbose cli   'C:\\Program Files\\nodejs\\node_modules\\npm\\bin\\npm-cli.js',
1 verbose cli   'install',
1 verbose cli   'express',
1 verbose cli   'request',
1 verbose cli   'body-parser - save' ]
2 info using npm@3.10.10
3 info using node@v6.11.5
4 silly loadCurrentTree Starting
5 silly install loadCurrentTree
6 silly install readLocalPackageData
7 silly fetchPackageMetaData express
8 silly fetchPackageMetaData request
9 silly fetchPackageMetaData body-parser - save
10 silly fetchNamedPackageData express
11 silly mapToRegistry name express
12 silly mapToRegistry using default registry
13 silly mapToRegistry registry https://registry.npmjs.org/
14 silly mapToRegistry data Result {
14 silly mapToRegistry   raw: 'express',
14 silly mapToRegistry   scope: null,
14 silly mapToRegistry   escapedName: 'express',
14 silly mapToRegistry   name: 'express',
14 silly mapToRegistry   rawSpec: '',
14 silly mapToRegistry   spec: 'latest',
14 silly mapToRegistry   type: 'tag' }
15 silly mapToRegistry uri https://registry.npmjs.org/express
16 silly fetchNamedPackageData request
17 silly mapToRegistry name request
18 silly mapToRegistry using default registry
19 silly mapToRegistry registry https://registry.npmjs.org/
20 silly mapToRegistry data Result {
20 silly mapToRegistry   raw: 'request',
20 silly mapToRegistry   scope: null,
20 silly mapToRegistry   escapedName: 'request',
20 silly mapToRegistry   name: 'request',
20 silly mapToRegistry   rawSpec: '',
20 silly mapToRegistry   spec: 'latest',
20 silly mapToRegistry   type: 'tag' }
21 silly mapToRegistry uri https://registry.npmjs.org/request
22 silly fetchOtherPackageData body-parser - save
23 silly cache add args [ 'body-parser - save', null ]
24 verbose cache add spec body-parser - save
25 verbose request uri https://registry.npmjs.org/express
26 verbose request no auth needed
27 info attempt registry request try #1 at 10:22:01 PM
28 verbose request id 694f29ea4553ef2a
29 http request GET https://registry.npmjs.org/express
30 verbose request uri https://registry.npmjs.org/request
31 verbose request no auth needed
32 info attempt registry request try #1 at 10:22:02 PM
33 http request GET https://registry.npmjs.org/request
34 info retry will retry, error on last attempt: TypeError: The header content contains invalid characters
35 info retry will retry, error on last attempt: TypeError: The header content contains invalid characters
36 silly cache add parsed spec Result {
36 silly cache add   raw: 'body-parser - save',
36 silly cache add   scope: null,
36 silly cache add   escapedName: null,
36 silly cache add   name: null,
36 silly cache add   rawSpec: 'body-parser - save',
36 silly cache add   spec: 'C:\\Users\\Parth\\Desktop\\Project\\body-parser - save',
36 silly cache add   type: 'local' }
37 error addLocal Could not install C:\Users\Parth\Desktop\Project\body-parser - save
38 silly fetchPackageMetaData Error: ENOENT: no such file or directory, open 'C:\Users\Parth\Desktop\Project\body-parser - save'
38 silly fetchPackageMetaData     at Error (native)
38 silly fetchPackageMetaData  error for body-parser - save { Error: ENOENT: no such file or directory, open 'C:\Users\Parth\Desktop\Project\body-parser - save'
38 silly fetchPackageMetaData     at Error (native)
38 silly fetchPackageMetaData   errno: -4058,
38 silly fetchPackageMetaData   code: 'ENOENT',
38 silly fetchPackageMetaData   syscall: 'open',
38 silly fetchPackageMetaData   path: 'C:\\Users\\Parth\\Desktop\\Project\\body-parser - save' }
39 info attempt registry request try #2 at 10:22:12 PM
40 http request GET https://registry.npmjs.org/express
41 info attempt registry request try #2 at 10:22:12 PM
42 http request GET https://registry.npmjs.org/request
43 info retry will retry, error on last attempt: TypeError: The header content contains invalid characters
44 info retry will retry, error on last attempt: TypeError: The header content contains invalid characters
45 info attempt registry request try #3 at 10:23:12 PM
46 http request GET https://registry.npmjs.org/express
47 info attempt registry request try #3 at 10:23:12 PM
48 http request GET https://registry.npmjs.org/request
49 silly fetchPackageMetaData TypeError: The header content contains invalid characters
49 silly fetchPackageMetaData     at ClientRequest.OutgoingMessage.setHeader (_http_outgoing.js:359:11)
49 silly fetchPackageMetaData     at new ClientRequest (_http_client.js:85:14)
49 silly fetchPackageMetaData     at Object.exports.request (http.js:31:10)
49 silly fetchPackageMetaData     at Object.exports.request (https.js:202:15)
49 silly fetchPackageMetaData     at Request.start (C:\Program Files\nodejs\node_modules\npm\node_modules\request\request.js:740:32)
49 silly fetchPackageMetaData     at Request.end (C:\Program Files\nodejs\node_modules\npm\node_modules\request\request.js:1398:10)
49 silly fetchPackageMetaData     at end (C:\Program Files\nodejs\node_modules\npm\node_modules\request\request.js:567:14)
49 silly fetchPackageMetaData     at Immediate.<anonymous> (C:\Program Files\nodejs\node_modules\npm\node_modules\request\request.js:581:7)
49 silly fetchPackageMetaData     at runCallback (timers.js:672:20)
49 silly fetchPackageMetaData     at tryOnImmediate (timers.js:645:5)
49 silly fetchPackageMetaData  error for express TypeError: The header content contains invalid characters
49 silly fetchPackageMetaData     at ClientRequest.OutgoingMessage.setHeader (_http_outgoing.js:359:11)
49 silly fetchPackageMetaData     at new ClientRequest (_http_client.js:85:14)
49 silly fetchPackageMetaData     at Object.exports.request (http.js:31:10)
49 silly fetchPackageMetaData     at Object.exports.request (https.js:202:15)
49 silly fetchPackageMetaData     at Request.start (C:\Program Files\nodejs\node_modules\npm\node_modules\request\request.js:740:32)
49 silly fetchPackageMetaData     at Request.end (C:\Program Files\nodejs\node_modules\npm\node_modules\request\request.js:1398:10)
49 silly fetchPackageMetaData     at end (C:\Program Files\nodejs\node_modules\npm\node_modules\request\request.js:567:14)
49 silly fetchPackageMetaData     at Immediate.<anonymous> (C:\Program Files\nodejs\node_modules\npm\node_modules\request\request.js:581:7)
49 silly fetchPackageMetaData     at runCallback (timers.js:672:20)
49 silly fetchPackageMetaData     at tryOnImmediate (timers.js:645:5)
50 silly fetchPackageMetaData TypeError: The header content contains invalid characters
50 silly fetchPackageMetaData     at ClientRequest.OutgoingMessage.setHeader (_http_outgoing.js:359:11)
50 silly fetchPackageMetaData     at new ClientRequest (_http_client.js:85:14)
50 silly fetchPackageMetaData     at Object.exports.request (http.js:31:10)
50 silly fetchPackageMetaData     at Object.exports.request (https.js:202:15)
50 silly fetchPackageMetaData     at Request.start (C:\Program Files\nodejs\node_modules\npm\node_modules\request\request.js:740:32)
50 silly fetchPackageMetaData     at Request.end (C:\Program Files\nodejs\node_modules\npm\node_modules\request\request.js:1398:10)
50 silly fetchPackageMetaData     at end (C:\Program Files\nodejs\node_modules\npm\node_modules\request\request.js:567:14)
50 silly fetchPackageMetaData     at Immediate.<anonymous> (C:\Program Files\nodejs\node_modules\npm\node_modules\request\request.js:581:7)
50 silly fetchPackageMetaData     at runCallback (timers.js:672:20)
50 silly fetchPackageMetaData     at tryOnImmediate (timers.js:645:5)
50 silly fetchPackageMetaData  error for request TypeError: The header content contains invalid characters
50 silly fetchPackageMetaData     at ClientRequest.OutgoingMessage.setHeader (_http_outgoing.js:359:11)
50 silly fetchPackageMetaData     at new ClientRequest (_http_client.js:85:14)
50 silly fetchPackageMetaData     at Object.exports.request (http.js:31:10)
50 silly fetchPackageMetaData     at Object.exports.request (https.js:202:15)
50 silly fetchPackageMetaData     at Request.start (C:\Program Files\nodejs\node_modules\npm\node_modules\request\request.js:740:32)
50 silly fetchPackageMetaData     at Request.end (C:\Program Files\nodejs\node_modules\npm\node_modules\request\request.js:1398:10)
50 silly fetchPackageMetaData     at end (C:\Program Files\nodejs\node_modules\npm\node_modules\request\request.js:567:14)
50 silly fetchPackageMetaData     at Immediate.<anonymous> (C:\Program Files\nodejs\node_modules\npm\node_modules\request\request.js:581:7)
50 silly fetchPackageMetaData     at runCallback (timers.js:672:20)
50 silly fetchPackageMetaData     at tryOnImmediate (timers.js:645:5)
51 silly rollbackFailedOptional Starting
52 silly rollbackFailedOptional Finishing
53 silly runTopLevelLifecycles Finishing
54 silly install printInstalled
55 verbose stack Error: ENOENT: no such file or directory, open 'C:\Users\Parth\Desktop\Project\body-parser - save'
55 verbose stack     at Error (native)
56 verbose cwd C:\Users\Parth\Desktop\Project
57 error Windows_NT 10.0.15063
58 error argv "C:\\Program Files\\nodejs\\node.exe" "C:\\Program Files\\nodejs\\node_modules\\npm\\bin\\npm-cli.js" "install" "express" "request" "body-parser - save"
59 error node v6.11.5
60 error npm  v3.10.10
61 error path C:\Users\Parth\Desktop\Project\body-parser - save
62 error code ENOENT
63 error errno -4058
64 error syscall open
65 error enoent ENOENT: no such file or directory, open 'C:\Users\Parth\Desktop\Project\body-parser - save'
66 error enoent ENOENT: no such file or directory, open 'C:\Users\Parth\Desktop\Project\body-parser - save'
66 error enoent This is most likely not a problem with npm itself
66 error enoent and is related to npm not being able to find a file.
67 verbose exit [ -4058, true ]
